LINE: THEORY
LINE: HF
LINE: GEOMETRY
GEO:
1 -0.69919862 0.00000000 0.00000000 
1 0.69919862 0.00000000 0.00000000 
LINE: BASISSET
LINE: BASISDIR
LINE: 
BUILDING BASIS
MOLECULE FILE READ
CALCULATING OVERLAP
CALCULATING KINETIC
CALCULATING POTENTIAL
CALCULATING ERIs
Ks PRECALCULATED
0 2
1 2
OVERLAP
 0.99999999  0.65987315 
 0.65987315  0.99999999 

KINETIC
 0.76003188  0.23696029 
 0.23696029  0.76003188 

POTENTIAL
-1.88099140 -1.19633602 
-1.19633602 -1.88099140 

CORE HAMILTONIAN
-1.12095953 -0.95937573 
-0.95937573 -1.12095953 

XMat:
 1.24542311 -0.46924293 
-0.46924293  1.24542311 

STARTING SCF
SCF STEP 1	ENERGY: -2.5066195718	EDIFF: -2.5066195718
SCF STEP 2	ENERGY: -1.8318637209	EDIFF: 0.6747558510
SCF STEP 3	ENERGY: -1.8318637209	EDIFF: 0.0000000000
HF RESULT: ELECTRIC: -1.8318637209 TOTAL: -1.1167593303
